<?xml version="1.0" encoding="UTF-8"?>
<!-- Generated by org.testng.reporters.JUnitXMLReporter -->
<testsuite ignored="0" hostname="DESKTOP-1J1OHS9" failures="1" tests="2" name="Test" time="8.431" errors="0" timestamp="2023-10-06T15:20:00 IST">
  <testcase classname="Test_Anotation.Amazon" name="Ama" time="5.333"/>
  <testcase classname="Test_Anotation.facebook" name="fb" time="3.057">
    <failure type="org.openqa.selenium.WebDriverException" message="unknown error: net::ERR_NAME_NOT_RESOLVED
  (Session info: MicrosoftEdge=117.0.2045.55)
Build info: version: &amp;apos;3.141.59&amp;apos;, revision: &amp;apos;e82be7d358&amp;apos;, time: &amp;apos;2018-11-14T08:17:03&amp;apos;
System info: host: &amp;apos;DESKTOP-1J1OHS9&amp;apos;, ip: &amp;apos;192.168.0.129&amp;apos;, os.name: &amp;apos;Windows 11&amp;apos;, os.arch: &amp;apos;amd64&amp;apos;, os.version: &amp;apos;10.0&amp;apos;, java.version: &amp;apos;17.0.7&amp;apos;
Driver info: org.openqa.selenium.edge.EdgeDriver
Capabilities {acceptInsecureCerts: false, browserName: msedge, browserVersion: 117.0.2045.55, fedcm:accounts: true, javascriptEnabled: true, ms:edgeOptions: {debuggerAddress: localhost:55865}, msedge: {msedgedriverVersion: 117.0.2045.55 (50f62b8a7655..., userDataDir: C:\Users\User\AppData\Local...}, networkConnectionEnabled: false, pageLoadStrategy: normal, platform: WINDOWS, platformName: WINDOWS, proxy: Proxy(), setWindowRect: true, strictFileInteractability: false, timeouts: {implicit: 0, pageLoad: 300000, script: 30000}, unhandledPromptBehavior: dismiss and notify, webauthn:extension:credBlob: true, webauthn:extension:largeBlob: true, webauthn:extension:minPinLength: true, webauthn:extension:prf: true, webauthn:virtualAuthenticators: true}
Session ID: ee11255930db96eb2e0e3068a42c32b2">
      <![CDATA[org.openqa.selenium.WebDriverException: unknown error: net::ERR_NAME_NOT_RESOLVED
  (Session info: MicrosoftEdge=117.0.2045.55)
Build info: version: '3.141.59', revision: 'e82be7d358', time: '2018-11-14T08:17:03'
System info: host: 'DESKTOP-1J1OHS9', ip: '192.168.0.129', os.name: 'Windows 11', os.arch: 'amd64', os.version: '10.0', java.version: '17.0.7'
Driver info: org.openqa.selenium.edge.EdgeDriver
Capabilities {acceptInsecureCerts: false, browserName: msedge, browserVersion: 117.0.2045.55, fedcm:accounts: true, javascriptEnabled: true, ms:edgeOptions: {debuggerAddress: localhost:55865}, msedge: {msedgedriverVersion: 117.0.2045.55 (50f62b8a7655..., userDataDir: C:\Users\User\AppData\Local...}, networkConnectionEnabled: false, pageLoadStrategy: normal, platform: WINDOWS, platformName: WINDOWS, proxy: Proxy(), setWindowRect: true, strictFileInteractability: false, timeouts: {implicit: 0, pageLoad: 300000, script: 30000}, unhandledPromptBehavior: dismiss and notify, webauthn:extension:credBlob: true, webauthn:extension:largeBlob: true, webauthn:extension:minPinLength: true, webauthn:extension:prf: true, webauthn:virtualAuthenticators: true}
Session ID: ee11255930db96eb2e0e3068a42c32b2
at org.openqa.selenium.remote.http.W3CHttpResponseCodec.createException(W3CHttpResponseCodec.java:187)
at org.openqa.selenium.remote.http.W3CHttpResponseCodec.decode(W3CHttpResponseCodec.java:122)
at org.openqa.selenium.remote.http.W3CHttpResponseCodec.decode(W3CHttpResponseCodec.java:49)
at org.openqa.selenium.remote.HttpCommandExecutor.execute(HttpCommandExecutor.java:158)
at org.openqa.selenium.remote.service.DriverCommandExecutor.execute(DriverCommandExecutor.java:83)
at org.openqa.selenium.remote.RemoteWebDriver.execute(RemoteWebDriver.java:552)
at org.openqa.selenium.remote.RemoteWebDriver.get(RemoteWebDriver.java:277)
at Test_Anotation.facebook.fb(facebook.java:20)
at java.base/java.util.ArrayList.forEach(ArrayList.java:1511)
... Removed 32 stack frames]]>
    </failure>
  </testcase> <!-- fb -->
</testsuite> <!-- Test -->
